c:\users\ryand\documents\github\fractalgl\fractalgl\intermediate\x64\debug\vc140.pdb
c:\users\ryand\documents\github\fractalgl\fractalgl\intermediate\x64\debug\vc140.idb
c:\users\ryand\documents\github\fractalgl\fractalgl\intermediate\x64\debug\fractal.obj
c:\users\ryand\documents\github\fractalgl\fractalgl\intermediate\x64\debug\graph.obj
c:\users\ryand\documents\github\fractalgl\fractalgl\intermediate\x64\debug\main.obj
c:\users\ryand\documents\github\fractalgl\fractalgl\intermediate\x64\debug\fractal.nativecodeanalysis.xml
c:\users\ryand\documents\github\fractalgl\fractalgl\intermediate\x64\debug\graph.nativecodeanalysis.xml
c:\users\ryand\documents\github\fractalgl\fractalgl\intermediate\x64\debug\main.nativecodeanalysis.xml
c:\users\ryand\documents\github\fractalgl\bin\debug\fractalgl.ilk
c:\users\ryand\documents\github\fractalgl\bin\debug\fractalgl.exe
c:\users\ryand\documents\github\fractalgl\bin\debug\fractalgl.pdb
c:\users\ryand\documents\github\fractalgl\fractalgl\intermediate\x64\debug\nativecodeanalysis.read.1.tlog
c:\users\ryand\documents\github\fractalgl\fractalgl\intermediate\x64\debug\vc.nativecodeanalysis.all.xml
c:\users\ryand\documents\github\fractalgl\fractalgl\../bin/debug/fractalgl.exe
c:\users\ryand\documents\github\fractalgl\fractalgl\intermediate\x64\debug\fractalgl.tlog\cl.command.1.tlog
c:\users\ryand\documents\github\fractalgl\fractalgl\intermediate\x64\debug\fractalgl.tlog\cl.read.1.tlog
c:\users\ryand\documents\github\fractalgl\fractalgl\intermediate\x64\debug\fractalgl.tlog\cl.write.1.tlog
c:\users\ryand\documents\github\fractalgl\fractalgl\intermediate\x64\debug\fractalgl.tlog\link.command.1.tlog
c:\users\ryand\documents\github\fractalgl\fractalgl\intermediate\x64\debug\fractalgl.tlog\link.read.1.tlog
c:\users\ryand\documents\github\fractalgl\fractalgl\intermediate\x64\debug\fractalgl.tlog\link.write.1.tlog
