  Main.cpp
Main.cpp(133): warning C4838: conversion from 'double' to 'float' requires a narrowing conversion
Main.cpp(133): warning C4244: 'initializing': conversion from 'double' to 'float', possible loss of data
Main.cpp(133): warning C4838: conversion from 'int' to 'float' requires a narrowing conversion
Main.cpp(133): warning C4244: 'initializing': conversion from 'int' to 'float', possible loss of data
Main.cpp(180): warning C4018: '<': signed/unsigned mismatch
Main.cpp(275): warning C4244: '=': conversion from 'int' to 'float', possible loss of data
Main.cpp(290): warning C4244: '=': conversion from 'int' to 'float', possible loss of data
Main.cpp(217): warning C4101: 'logzMag': unreferenced local variable
Main.cpp(215): warning C4101: 'dub': unreferenced local variable
Main.cpp(214): warning C4101: 'm': unreferenced local variable
Main.cpp(217): warning C4101: 'q': unreferenced local variable
Main.cpp(217): warning C4101: 'potential': unreferenced local variable
Main.cpp(398): warning C4244: '=': conversion from 'double' to 'unsigned char', possible loss of data
Main.cpp(399): warning C4244: '=': conversion from 'double' to 'unsigned char', possible loss of data
Main.cpp(400): warning C4244: '=': conversion from 'double' to 'unsigned char', possible loss of data
Main.cpp(405): warning C4244: '=': conversion from 'float' to 'unsigned char', possible loss of data
Main.cpp(406): warning C4244: '=': conversion from 'float' to 'unsigned char', possible loss of data
Main.cpp(407): warning C4244: '=': conversion from 'float' to 'unsigned char', possible loss of data
Main.cpp(548): warning C4244: '=': conversion from 'double' to 'unsigned char', possible loss of data
Main.cpp(549): warning C4244: '=': conversion from 'double' to 'unsigned char', possible loss of data
Main.cpp(550): warning C4244: '=': conversion from 'double' to 'unsigned char', possible loss of data
  Generating code
  18 of 337 functions ( 5.3%) were compiled, the rest were copied from previous compilation.
    15 functions were new in current compilation
    23 functions had inline decision re-evaluated but remain unchanged
  Finished generating code
  Fractal Bitmapper.vcxproj -> C:\Users\ryand\Documents\GitHub\Fractal-Bitmapper\Release\Fractal Bitmapper.exe
  Fractal Bitmapper.vcxproj -> C:\Users\ryand\Documents\GitHub\Fractal-Bitmapper\Release\Fractal Bitmapper.pdb (Full PDB)
