  Main.cpp
Main.cpp(138): warning C4244: '=': conversion from 'double' to 'unsigned char', possible loss of data
Main.cpp(139): warning C4244: '=': conversion from 'double' to 'unsigned char', possible loss of data
Main.cpp(140): warning C4244: '=': conversion from 'double' to 'unsigned char', possible loss of data
Main.cpp(146): warning C4244: '=': conversion from 'double' to 'unsigned char', possible loss of data
Main.cpp(147): warning C4244: '=': conversion from 'double' to 'unsigned char', possible loss of data
Main.cpp(148): warning C4244: '=': conversion from 'double' to 'unsigned char', possible loss of data
Main.cpp(158): warning C4838: conversion from 'double' to 'float' requires a narrowing conversion
Main.cpp(158): warning C4244: 'initializing': conversion from 'double' to 'float', possible loss of data
Main.cpp(158): warning C4838: conversion from 'int' to 'float' requires a narrowing conversion
Main.cpp(158): warning C4244: 'initializing': conversion from 'int' to 'float', possible loss of data
Main.cpp(224): warning C4018: '<': signed/unsigned mismatch
Main.cpp(253): warning C4477: 'printf' : format string '%d' requires an argument of type 'int', but variadic argument 2 has type '__int64'
  Main.cpp(253): note: consider using '%lld' in the format string
  Main.cpp(253): note: consider using '%Id' in the format string
  Main.cpp(253): note: consider using '%I64d' in the format string
Main.cpp(263): warning C4838: conversion from 'int' to 'double' requires a narrowing conversion
Main.cpp(324): warning C4018: '<': signed/unsigned mismatch
Main.cpp(345): warning C4477: 'printf' : format string '%d' requires an argument of type 'int', but variadic argument 2 has type '__int64'
  Main.cpp(345): note: consider using '%lld' in the format string
  Main.cpp(345): note: consider using '%Id' in the format string
  Main.cpp(345): note: consider using '%I64d' in the format string
Main.cpp(466): warning C4477: 'printf' : format string '%d' requires an argument of type 'int', but variadic argument 2 has type '__int64'
  Main.cpp(466): note: consider using '%lld' in the format string
  Main.cpp(466): note: consider using '%Id' in the format string
  Main.cpp(466): note: consider using '%I64d' in the format string
Main.cpp(364): warning C4101: 'logzMag': unreferenced local variable
Main.cpp(362): warning C4101: 'dub': unreferenced local variable
Main.cpp(361): warning C4101: 'm': unreferenced local variable
Main.cpp(364): warning C4101: 'q': unreferenced local variable
Main.cpp(364): warning C4101: 'potential': unreferenced local variable
Main.cpp(596): warning C4477: 'printf' : format string '%d' requires an argument of type 'int', but variadic argument 1 has type '__int64'
  Main.cpp(596): note: consider using '%lld' in the format string
  Main.cpp(596): note: consider using '%Id' in the format string
  Main.cpp(596): note: consider using '%I64d' in the format string
Main.cpp(649): warning C4244: '=': conversion from 'double' to 'int', possible loss of data
Main.cpp(656): warning C4244: '=': conversion from 'double' to 'int', possible loss of data
Main.cpp(667): warning C4244: '=': conversion from 'double' to 'int', possible loss of data
Main.cpp(674): warning C4244: '=': conversion from 'double' to 'int', possible loss of data
  Generating code
  6 of 450 functions ( 1.3%) were compiled, the rest were copied from previous compilation.
    0 functions were new in current compilation
    2 functions had inline decision re-evaluated but remain unchanged
  Finished generating code
  FractalGL.vcxproj -> C:\Users\ryand\Documents\GitHub\FractalGL\FractalGL\../bin/Release/FractalGL.exe
  FractalGL.vcxproj -> ../bin/Release/FractalGL.pdb (Full PDB)
