  Main.cpp
c:\users\ryand\documents\github\fractal-bitmapper\fractal bitmapper\main.cpp(133): warning C4838: conversion from 'double' to 'float' requires a narrowing conversion
c:\users\ryand\documents\github\fractal-bitmapper\fractal bitmapper\main.cpp(133): warning C4244: 'initializing': conversion from 'double' to 'float', possible loss of data
c:\users\ryand\documents\github\fractal-bitmapper\fractal bitmapper\main.cpp(133): warning C4838: conversion from 'int' to 'float' requires a narrowing conversion
c:\users\ryand\documents\github\fractal-bitmapper\fractal bitmapper\main.cpp(133): warning C4244: 'initializing': conversion from 'int' to 'float', possible loss of data
c:\users\ryand\documents\github\fractal-bitmapper\fractal bitmapper\main.cpp(180): warning C4018: '<': signed/unsigned mismatch
c:\users\ryand\documents\github\fractal-bitmapper\fractal bitmapper\main.cpp(275): warning C4244: '=': conversion from 'int' to 'float', possible loss of data
c:\users\ryand\documents\github\fractal-bitmapper\fractal bitmapper\main.cpp(290): warning C4244: '=': conversion from 'int' to 'float', possible loss of data
c:\users\ryand\documents\github\fractal-bitmapper\fractal bitmapper\main.cpp(217): warning C4101: 'logzMag': unreferenced local variable
c:\users\ryand\documents\github\fractal-bitmapper\fractal bitmapper\main.cpp(215): warning C4101: 'dub': unreferenced local variable
c:\users\ryand\documents\github\fractal-bitmapper\fractal bitmapper\main.cpp(214): warning C4101: 'm': unreferenced local variable
c:\users\ryand\documents\github\fractal-bitmapper\fractal bitmapper\main.cpp(217): warning C4101: 'q': unreferenced local variable
c:\users\ryand\documents\github\fractal-bitmapper\fractal bitmapper\main.cpp(217): warning C4101: 'potential': unreferenced local variable
c:\users\ryand\documents\github\fractal-bitmapper\fractal bitmapper\main.cpp(398): warning C4244: '=': conversion from 'double' to 'unsigned char', possible loss of data
c:\users\ryand\documents\github\fractal-bitmapper\fractal bitmapper\main.cpp(399): warning C4244: '=': conversion from 'double' to 'unsigned char', possible loss of data
c:\users\ryand\documents\github\fractal-bitmapper\fractal bitmapper\main.cpp(400): warning C4244: '=': conversion from 'double' to 'unsigned char', possible loss of data
c:\users\ryand\documents\github\fractal-bitmapper\fractal bitmapper\main.cpp(405): warning C4244: '=': conversion from 'float' to 'unsigned char', possible loss of data
c:\users\ryand\documents\github\fractal-bitmapper\fractal bitmapper\main.cpp(406): warning C4244: '=': conversion from 'float' to 'unsigned char', possible loss of data
c:\users\ryand\documents\github\fractal-bitmapper\fractal bitmapper\main.cpp(407): warning C4244: '=': conversion from 'float' to 'unsigned char', possible loss of data
c:\users\ryand\documents\github\fractal-bitmapper\fractal bitmapper\main.cpp(548): warning C4244: '=': conversion from 'double' to 'unsigned char', possible loss of data
c:\users\ryand\documents\github\fractal-bitmapper\fractal bitmapper\main.cpp(549): warning C4244: '=': conversion from 'double' to 'unsigned char', possible loss of data
c:\users\ryand\documents\github\fractal-bitmapper\fractal bitmapper\main.cpp(550): warning C4244: '=': conversion from 'double' to 'unsigned char', possible loss of data
c:\users\ryand\documents\github\fractal-bitmapper\fractal bitmapper\main.cpp(134): warning C4752: found Intel(R) Advanced Vector Extensions; consider using /arch:AVX
  Fractal Bitmapper.vcxproj -> C:\Users\ryand\Documents\GitHub\Fractal-Bitmapper\Debug\Fractal Bitmapper.exe
  Fractal Bitmapper.vcxproj -> C:\Users\ryand\Documents\GitHub\Fractal-Bitmapper\Debug\Fractal Bitmapper.pdb (Partial PDB)
